18:42:55.676 [] INFO  c.p.i.s.netforum.NetforumService - Initializing Netforum security service
18:42:55.692 [] ERROR c.p.i.s.netforum.NetforumService - Unable to retrieve Netforum security service's JNDI initialization parameters
javax.naming.NoInitialContextException: Need to specify class name in environment or system property, or as an applet parameter, or in an application resource file:  java.naming.factory.initial
	at javax.naming.spi.NamingManager.getInitialContext(NamingManager.java:645) ~[na:1.6.0_38]
	at javax.naming.InitialContext.getDefaultInitCtx(InitialContext.java:288) ~[na:1.6.0_38]
	at javax.naming.InitialContext.getURLOrDefaultInitCtx(InitialContext.java:325) ~[na:1.6.0_38]
	at javax.naming.InitialContext.lookup(InitialContext.java:392) ~[na:1.6.0_38]
	at com.proximo.inci.service.netforum.NetforumService.<clinit>(NetforumService.java:62) ~[classes/:na]
	at com.proximo.inci.service.security.SecurityService.findUsers(SecurityService.java:78) [classes/:na]
	at com.proximo.inci.resource.CaptionResolverTest.main(CaptionResolverTest.java:28) [test-classes/:na]
18:43:47.082 [] INFO  c.p.i.s.netforum.NetforumService - Initializing Netforum security service
18:43:47.098 [] ERROR c.p.i.s.netforum.NetforumService - Unable to retrieve Netforum security service's JNDI initialization parameters
javax.naming.NoInitialContextException: Need to specify class name in environment or system property, or as an applet parameter, or in an application resource file:  java.naming.factory.initial
	at javax.naming.spi.NamingManager.getInitialContext(NamingManager.java:645) ~[na:1.6.0_38]
	at javax.naming.InitialContext.getDefaultInitCtx(InitialContext.java:288) ~[na:1.6.0_38]
	at javax.naming.InitialContext.getURLOrDefaultInitCtx(InitialContext.java:325) ~[na:1.6.0_38]
	at javax.naming.InitialContext.lookup(InitialContext.java:392) ~[na:1.6.0_38]
	at com.proximo.inci.service.netforum.NetforumService.<clinit>(NetforumService.java:62) ~[classes/:na]
	at com.proximo.inci.service.security.SecurityService.findUsers(SecurityService.java:78) [classes/:na]
	at com.proximo.inci.resource.CaptionResolverTest.main(CaptionResolverTest.java:28) [test-classes/:na]
18:50:21.426 [] DEBUG c.p.i.c.AbstractInciComponent - Building class com.proximo.inci.component.common.CategoryField
18:50:21.426 [] DEBUG c.p.i.c.AbstractInciComponent - Creating main component instance for class com.proximo.inci.component.common.CategoryField
18:50:21.488 [] DEBUG c.p.i.c.AbstractInciComponent - Creating main component instance for class com.proximo.inci.component.common.CategoryField finished
18:50:21.488 [] DEBUG c.p.i.c.AbstractInciComponent - Initializing class com.proximo.inci.component.common.CategoryField
18:50:21.613 [] DEBUG c.p.i.c.AbstractInciComponent - Initializing class com.proximo.inci.component.common.CategoryField finished
18:50:21.613 [] DEBUG c.p.i.c.AbstractInciComponent - Building class com.proximo.inci.component.common.CategoryField finished
18:51:14.582 [] DEBUG c.p.i.c.AbstractInciComponent - Building class com.proximo.inci.component.common.CategoryField
18:51:14.582 [] DEBUG c.p.i.c.AbstractInciComponent - Creating main component instance for class com.proximo.inci.component.common.CategoryField
18:51:14.629 [] DEBUG c.p.i.c.AbstractInciComponent - Creating main component instance for class com.proximo.inci.component.common.CategoryField finished
18:51:14.629 [] DEBUG c.p.i.c.AbstractInciComponent - Initializing class com.proximo.inci.component.common.CategoryField
18:51:14.645 [] DEBUG c.p.i.c.AbstractInciComponent - Initializing class com.proximo.inci.component.common.CategoryField finished
18:51:14.645 [] DEBUG c.p.i.c.AbstractInciComponent - Building class com.proximo.inci.component.common.CategoryField finished
